\BOOKMARK [1][-]{section*.1}{\376\377\000C\000o\000n\000t\000e\000n\000t\000s}{}% 1
\BOOKMARK [1][-]{section.1}{\376\377\000I\000n\000t\000r\000o\000d\000u\000c\000t\000i\000o\000n}{}% 2
\BOOKMARK [2][-]{subsection.1.1}{\376\377\000T\000h\000i\000n\000k\000i\000n\000g\000\040\000M\000a\000t\000h\000e\000m\000a\000t\000i\000c\000a\000l\000l\000y}{section.1}% 3
\BOOKMARK [2][-]{subsection.1.2}{\376\377\000I\000n\000t\000r\000o\000d\000u\000c\000t\000i\000o\000n\000\040\000t\000o\000\040\000L\000o\000g\000i\000c}{section.1}% 4
\BOOKMARK [2][-]{subsection.1.3}{\376\377\000Q\000u\000a\000n\000t\000i\000f\000e\000r\000s}{section.1}% 5
\BOOKMARK [1][-]{section.2}{\376\377\000B\000a\000s\000i\000c\000\040\000G\000r\000o\000u\000p\000\040\000T\000h\000e\000o\000r\000y}{}% 6
\BOOKMARK [2][-]{subsection.2.1}{\376\377\000G\000r\000o\000u\000p\000\040\000A\000x\000i\000o\000m\000s}{section.2}% 7
\BOOKMARK [2][-]{subsection.2.2}{\376\377\000I\000s\000o\000m\000o\000r\000p\000h\000i\000s\000m\000s}{section.2}% 8
\BOOKMARK [3][-]{subsubsection.2.2.1}{\376\377\000B\000i\000j\000e\000c\000t\000i\000v\000e\000\040\000f\000u\000n\000c\000t\000i\000o\000n\000s}{subsection.2.2}% 9
\BOOKMARK [3][-]{subsubsection.2.2.2}{\376\377\000I\000s\000o\000m\000o\000r\000p\000h\000i\000c\000\040\000G\000r\000o\000u\000p\000s}{subsection.2.2}% 10
\BOOKMARK [2][-]{subsection.2.3}{\376\377\000O\000r\000d\000e\000r\000s}{section.2}% 11
\BOOKMARK [2][-]{subsection.2.4}{\376\377\000H\000o\000m\000o\000m\000o\000r\000p\000h\000i\000s\000m\000s}{section.2}% 12
\BOOKMARK [2][-]{subsection.2.5}{\376\377\000Q\000u\000o\000t\000i\000e\000n\000t\000\040\000G\000r\000o\000u\000p\000s}{section.2}% 13
\BOOKMARK [1][-]{section.3}{\376\377\000D\000i\000s\000c\000r\000e\000t\000e\000\040\000M\000a\000t\000h\000e\000m\000a\000t\000i\000c\000s}{}% 14
\BOOKMARK [2][-]{subsection.3.1}{\376\377\000B\000a\000s\000i\000c\000\040\000N\000u\000m\000b\000e\000r\000\040\000T\000h\000e\000o\000r\000y}{section.3}% 15
\BOOKMARK [3][-]{subsubsection.3.1.1}{\376\377\000B\000a\000s\000i\000c\000s\000\040\000a\000n\000d\000\040\000D\000e\000f\000i\000n\000i\000t\000i\000o\000n\000s}{subsection.3.1}% 16
\BOOKMARK [3][-]{subsubsection.3.1.2}{\376\377\000D\000i\000v\000i\000s\000i\000b\000i\000l\000i\000t\000y}{subsection.3.1}% 17
\BOOKMARK [3][-]{subsubsection.3.1.3}{\376\377\000T\000h\000e\000o\000r\000e\000m\000s\000\040\000a\000n\000d\000\040\000s\000u\000c\000h}{subsection.3.1}% 18
\BOOKMARK [2][-]{subsection.3.2}{\376\377\000R\000e\000l\000a\000t\000i\000o\000n\000s}{section.3}% 19
\BOOKMARK [2][-]{subsection.3.3}{\376\377\000E\000q\000u\000i\000v\000a\000l\000e\000n\000c\000e\000\040\000R\000e\000l\000a\000t\000i\000o\000n\000s}{section.3}% 20
\BOOKMARK [3][-]{subsubsection.3.3.1}{\376\377\000E\000q\000u\000i\000v\000a\000l\000e\000n\000c\000e\000\040\000C\000l\000a\000s\000s\000e\000s}{subsection.3.3}% 21
