\BOOKMARK [1][-]{section*.1}{\376\377\000C\000o\000n\000t\000e\000n\000t\000s}{}% 1
\BOOKMARK [1][-]{section*.1}{\376\377\000L\000i\000m\000i\000t\000s}{}% 2
\BOOKMARK [2][-]{section*.2}{\376\377\000I\000n\000t\000r\000o\000d\000u\000c\000t\000i\000o\000n}{section*.1}% 3
\BOOKMARK [2][-]{Item.14}{\376\377\000P\000r\000o\000p\000e\000r\000t\000i\000e\000s\000\040\000o\000f\000\040\000L\000i\000m\000i\000t\000s}{section*.1}% 4
\BOOKMARK [2][-]{Item.21}{\376\377\000L\000i\000m\000i\000t\000s\000\040\000I\000n\000v\000o\000l\000v\000i\000n\000g\000\040\000I\000n\000f\000i\000n\000i\000t\000y}{section*.1}% 5
\BOOKMARK [2][-]{Item.35}{\376\377\000C\000o\000n\000t\000i\000n\000u\000i\000t\000y}{section*.1}% 6
\BOOKMARK [2][-]{Item.53}{\376\377\000I\000n\000t\000e\000r\000m\000e\000d\000i\000a\000t\000e\000\040\000V\000a\000l\000u\000e\000\040\000T\000h\000e\000o\000r\000e\000m}{section*.1}% 7
\BOOKMARK [2][-]{Item.55}{\376\377\000R\000a\000t\000e\000s\000\040\000o\000f\000\040\000C\000h\000a\000n\000g\000e\000\040\000\046\000\040\000T\000a\000n\000g\000e\000n\000t\000\040\000L\000i\000n\000e\000s}{section*.1}% 8
\BOOKMARK [1][-]{Item.59}{\376\377\000D\000e\000r\000i\000v\000a\000t\000i\000v\000e\000s}{}% 9
\BOOKMARK [2][-]{section*.9}{\376\377\000D\000e\000f\000i\000n\000i\000t\000i\000o\000n\000\040\000o\000f\000\040\000t\000h\000e\000\040\000D\000e\000r\000i\000v\000a\000t\000i\000v\000e}{Item.59}% 10
\BOOKMARK [2][-]{Item.61}{\376\377\000R\000u\000l\000e\000s\000\040\000f\000o\000r\000\040\000D\000i\000f\000f\000e\000r\000e\000n\000t\000i\000a\000t\000i\000o\000n\000\040\000A}{Item.59}% 11
\BOOKMARK [2][-]{Item.83}{\376\377\000R\000u\000l\000e\000s\000\040\000f\000o\000r\000\040\000D\000i\000f\000f\000e\000r\000e\000n\000t\000i\000a\000t\000i\000o\000n\000\040\000B}{Item.59}% 12
\BOOKMARK [2][-]{Item.100}{\376\377\000D\000i\000s\000t\000a\000n\000c\000e\000,\000\040\000V\000e\000l\000o\000c\000i\000t\000y\000,\000\040\000\046\000\040\000A\000c\000c\000e\000l\000e\000r\000a\000t\000i\000o\000n}{Item.59}% 13
\BOOKMARK [2][-]{Item.117}{\376\377\000D\000e\000r\000i\000v\000a\000t\000i\000v\000e\000s\000\040\000o\000f\000\040\000S\000i\000n\000e\000\040\000a\000n\000d\000\040\000C\000o\000s\000i\000n\000e}{Item.59}% 14
\BOOKMARK [2][-]{Item.120}{\376\377\000T\000h\000e\000\040\000C\000h\000a\000i\000n\000\040\000R\000u\000l\000e}{Item.59}% 15
\BOOKMARK [2][-]{Item.132}{\376\377\000D\000e\000r\000i\000v\000a\000t\000i\000v\000e\000s\000\040\000o\000f\000\040\000T\000r\000i\000g\000o\000n\000o\000m\000e\000t\000r\000i\000c\000\040\000F\000u\000n\000c\000t\000i\000o\000n\000s}{Item.59}% 16
\BOOKMARK [2][-]{Item.137}{\376\377\000I\000m\000p\000l\000i\000c\000i\000t\000\040\000D\000i\000f\000f\000e\000r\000e\000n\000t\000i\000a\000t\000i\000o\000n}{Item.59}% 17
\BOOKMARK [2][-]{Item.147}{\376\377\000D\000e\000r\000i\000v\000a\000t\000i\000v\000e\000s\000\040\000o\000f\000\040\000T\000r\000a\000n\000s\000c\000e\000n\000d\000e\000n\000t\000a\000l\000\040\000F\000u\000n\000c\000t\000i\000o\000n\000s}{Item.59}% 18
\BOOKMARK [2][-]{Item.167}{\376\377\000L\000o\000g\000a\000r\000i\000t\000h\000m\000i\000c\000\040\000D\000i\000f\000f\000e\000r\000e\000n\000t\000i\000a\000t\000i\000o\000n}{Item.59}% 19
\BOOKMARK [2][-]{Item.171}{\376\377\000D\000i\000f\000f\000e\000r\000e\000n\000t\000i\000a\000b\000i\000l\000i\000t\000y\000\040\000\046\000\040\000G\000r\000a\000p\000h\000i\000n\000g\000\040\000D\000e\000r\000i\000v\000a\000t\000i\000v\000e\000s}{Item.59}% 20
\BOOKMARK [2][-]{Item.175}{\376\377\000E\000x\000t\000r\000e\000m\000e\000\040\000V\000a\000l\000u\000e\000s\000\040\000o\000f\000\040\000F\000u\000n\000c\000t\000i\000o\000n\000s}{Item.59}% 21
\BOOKMARK [2][-]{Item.199}{\376\377\000C\000u\000r\000v\000e\000\040\000S\000k\000e\000t\000c\000h\000i\000n\000g}{Item.59}% 22
\BOOKMARK [2][-]{Item.258}{\376\377\000M\000e\000a\000n\000\040\000V\000a\000l\000u\000e\000\040\000T\000h\000e\000o\000r\000e\000m}{Item.59}% 23
\BOOKMARK [2][-]{Item.262}{\376\377\000M\000o\000d\000e\000l\000i\000n\000g\000\040\000\046\000\040\000O\000p\000t\000i\000m\000i\000z\000a\000t\000i\000o\000n}{Item.59}% 24
\BOOKMARK [2][-]{Item.270}{\376\377\000R\000e\000l\000a\000t\000e\000d\000\040\000R\000a\000t\000e\000s}{Item.59}% 25
\BOOKMARK [2][-]{Item.278}{\376\377\000L\000'\000H\000o\000p\000i\000t\000a\000l\000'\000s\000\040\000R\000u\000l\000e}{Item.59}% 26
\BOOKMARK [2][-]{Item.282}{\376\377\000D\000i\000f\000f\000e\000r\000e\000n\000t\000i\000a\000l\000s\000,\000\040\000L\000i\000n\000e\000a\000r\000i\000z\000a\000t\000i\000o\000n\000,\000\040\000N\000e\000w\000t\000o\000n\000'\000s\000\040\000M\000e\000t\000h\000o\000d}{Item.59}% 27
\BOOKMARK [1][-]{section*.28}{\376\377\000I\000n\000t\000e\000g\000r\000a\000l\000s}{}% 28
\BOOKMARK [2][-]{section*.29}{\376\377\000B\000a\000s\000i\000c\000\040\000I\000n\000t\000e\000g\000r\000a\000t\000i\000o\000n\000\040\000R\000u\000l\000e\000s}{section*.28}% 29
\BOOKMARK [2][-]{Item.296}{\376\377\000I\000n\000t\000e\000g\000r\000a\000t\000i\000o\000n\000\040\000o\000f\000\040\000T\000r\000i\000g\000o\000n\000o\000m\000e\000t\000r\000i\000c\000\040\000F\000u\000n\000c\000t\000i\000o\000n\000s}{section*.28}% 30
\BOOKMARK [2][-]{Item.303}{\376\377\000I\000n\000t\000e\000g\000r\000a\000t\000i\000o\000n\000\040\000o\000f\000\040\000T\000r\000a\000n\000s\000c\000e\000n\000d\000e\000n\000t\000a\000l\000\040\000F\000u\000n\000c\000t\000i\000o\000n\000s}{section*.28}% 31
\BOOKMARK [2][-]{Item.314}{\376\377\000C\000o\000n\000s\000t\000a\000n\000t\000\040\000o\000f\000\040\000I\000n\000t\000e\000g\000r\000a\000t\000i\000o\000n\000\040\000\046\000\040\000A\000p\000p\000l\000i\000c\000a\000t\000i\000o\000n\000s}{section*.28}% 32
\BOOKMARK [2][-]{Item.322}{\376\377\000D\000e\000f\000i\000n\000i\000t\000e\000\040\000I\000n\000t\000e\000g\000r\000a\000t\000i\000o\000n}{section*.28}% 33
\BOOKMARK [2][-]{Item.330}{\376\377\000A\000r\000e\000a\000\040\000U\000n\000d\000e\000r\000\040\000t\000h\000e\000\040\000C\000u\000r\000v\000e\000\040\000w\000i\000t\000h\000\040\000R\000A\000M}{section*.28}% 34
\BOOKMARK [2][-]{section*.38}{\376\377\000T\000h\000e\000\040\000D\000e\000f\000i\000n\000i\000t\000e\000\040\000I\000n\000t\000e\000g\000r\000a\000l\000\040\000a\000s\000\040\000A\000r\000e\000a\000\040\000U\000n\000d\000e\000r\000\040\000t\000h\000e\000\040\000C\000u\000r\000v\000e}{section*.28}% 35
\BOOKMARK [2][-]{section*.39}{\376\377\000L\000i\000m\000i\000t\000-\000t\000o\000-\000I\000n\000t\000e\000g\000r\000a\000l\000\040\000a\000n\000d\000\040\000I\000n\000t\000e\000g\000r\000a\000l\000-\000t\000o\000-\000L\000i\000m\000i\000t}{section*.28}% 36
\BOOKMARK [2][-]{Item.341}{\376\377\000A\000v\000e\000r\000a\000g\000e\000\040\000V\000a\000l\000u\000e\000\040\000\046\000\040\000M\000e\000a\000n\000\040\000V\000a\000l\000u\000e\000\040\000T\000h\000e\000o\000r\000e\000m}{section*.28}% 37
\BOOKMARK [2][-]{Item.344}{\376\377\000T\000h\000e\000\040\000F\000u\000n\000d\000a\000m\000e\000n\000t\000a\000l\000\040\000T\000h\000e\000o\000r\000e\000m\000\040\000o\000f\000\040\000C\000a\000l\000c\000u\000l\000u\000s}{section*.28}% 38
\BOOKMARK [2][-]{Item.358}{\376\377\000S\000e\000p\000a\000r\000a\000t\000i\000o\000n\000\040\000o\000f\000\040\000V\000a\000r\000i\000a\000b\000l\000e\000s}{section*.28}% 39
\BOOKMARK [2][-]{Item.366}{\376\377\000D\000i\000f\000f\000e\000r\000e\000n\000t\000i\000a\000l\000\040\000E\000q\000u\000a\000t\000i\000o\000n\000s}{section*.28}% 40
\BOOKMARK [2][-]{section*.45}{\376\377\000S\000l\000o\000p\000e\000\040\000F\000i\000e\000l\000d\000s}{section*.28}% 41
\BOOKMARK [2][-]{Item.367}{\376\377\000L\000o\000g\000i\000s\000t\000i\000c\000\040\000D\000i\000f\000f\000e\000r\000e\000n\000t\000i\000a\000l\000\040\000E\000q\000u\000a\000t\000i\000o\000n\000s}{section*.28}% 42
\BOOKMARK [2][-]{Item.372}{\376\377\000E\000u\000l\000e\000r\000'\000s\000\040\000M\000e\000t\000h\000o\000d}{section*.28}% 43
\BOOKMARK [2][-]{Item.376}{\376\377\000A\000r\000e\000a\000s\000\040\000i\000n\000\040\000t\000h\000e\000\040\000P\000l\000a\000n\000e}{section*.28}% 44
\BOOKMARK [2][-]{Item.381}{\376\377\000V\000o\000l\000u\000m\000e\000s\000\040\000o\000f\000\040\000R\000e\000v\000o\000l\000u\000t\000i\000o\000n}{section*.28}% 45
\BOOKMARK [2][-]{Item.392}{\376\377\000A\000r\000c\000\040\000L\000e\000n\000g\000t\000h}{section*.28}% 46
\BOOKMARK [1][-]{Item.395}{\376\377\000A\000d\000v\000a\000n\000c\000e\000d\000\040\000I\000n\000t\000e\000g\000r\000a\000t\000i\000o\000n\000\040\000T\000e\000c\000h\000n\000i\000q\000u\000e\000s}{}% 47
\BOOKMARK [2][-]{section*.52}{\376\377\000I\000n\000t\000e\000g\000r\000a\000t\000i\000o\000n\000\040\000R\000e\000v\000i\000e\000w}{Item.395}% 48
\BOOKMARK [2][-]{Item.400}{\376\377\000I\000n\000t\000e\000g\000r\000a\000t\000i\000o\000n\000\040\000b\000y\000\040\000P\000a\000r\000t\000s}{Item.395}% 49
\BOOKMARK [2][-]{Item.408}{\376\377\000T\000r\000i\000g\000o\000n\000o\000m\000e\000t\000r\000i\000c\000\040\000C\000o\000m\000b\000i\000n\000a\000t\000i\000o\000n\000s}{Item.395}% 50
\BOOKMARK [2][-]{Item.414}{\376\377\000T\000r\000i\000g\000o\000n\000o\000m\000e\000t\000r\000i\000c\000\040\000S\000u\000b\000s\000t\000i\000t\000u\000t\000i\000o\000n}{Item.395}% 51
\BOOKMARK [2][-]{table.9}{\376\377\000P\000a\000r\000t\000i\000a\000l\000\040\000F\000r\000a\000c\000t\000i\000o\000n\000\040\000D\000e\000c\000o\000m\000p\000o\000s\000i\000t\000i\000o\000n}{Item.395}% 52
\BOOKMARK [2][-]{Item.422}{\376\377\000I\000m\000p\000r\000o\000p\000e\000r\000\040\000I\000n\000t\000e\000g\000r\000a\000l\000s}{Item.395}% 53
\BOOKMARK [1][-]{Item.438}{\376\377\000S\000e\000q\000u\000e\000n\000c\000e\000s\000\040\000\046\000\040\000S\000e\000r\000i\000e\000s}{}% 54
\BOOKMARK [2][-]{section*.59}{\376\377\000S\000e\000q\000u\000e\000n\000c\000e\000s\000\040\000B\000a\000s\000i\000c\000s}{Item.438}% 55
\BOOKMARK [2][-]{Item.454}{\376\377\000S\000e\000r\000i\000e\000s\000\040\000\046\000\040\000C\000o\000n\000v\000e\000r\000g\000e\000n\000c\000e}{Item.438}% 56
\BOOKMARK [2][-]{Item.457}{\376\377\000G\000e\000o\000m\000e\000t\000r\000i\000c\000\040\000S\000e\000r\000i\000e\000s}{Item.438}% 57
\BOOKMARK [2][-]{Item.461}{\376\377\000n\000t\000h\000-\000T\000e\000r\000m\000\040\000T\000e\000s\000t\000\040\000f\000o\000r\000\040\000D\000i\000v\000e\000r\000g\000e\000n\000c\000e}{Item.438}% 58
\BOOKMARK [2][-]{Item.464}{\376\377\000I\000n\000t\000e\000g\000r\000a\000l\000\040\000T\000e\000s\000t\000\040\000\046\000\040\000p\000-\000S\000e\000r\000i\000e\000s}{Item.438}% 59
\BOOKMARK [2][-]{Item.477}{\376\377\000C\000o\000m\000p\000a\000r\000i\000s\000o\000n\000\040\000o\000f\000\040\000S\000e\000r\000i\000e\000s}{Item.438}% 60
\BOOKMARK [2][-]{Item.487}{\376\377\000A\000l\000t\000e\000r\000n\000a\000t\000i\000n\000g\000\040\000S\000e\000r\000i\000e\000s}{Item.438}% 61
\BOOKMARK [2][-]{Item.501}{\376\377\000C\000o\000n\000d\000i\000t\000i\000o\000n\000a\000l\000\040\000a\000n\000d\000\040\000A\000b\000s\000o\000l\000u\000t\000e\000\040\000C\000o\000n\000v\000e\000r\000g\000e\000n\000c\000e}{Item.438}% 62
\BOOKMARK [2][-]{Item.507}{\376\377\000R\000a\000t\000i\000o\000\040\000a\000n\000d\000\040\000R\000o\000o\000t\000\040\000T\000e\000s\000t\000s}{Item.438}% 63
\BOOKMARK [2][-]{Item.529}{\376\377\000T\000a\000y\000l\000o\000r\000\040\000P\000o\000l\000y\000n\000o\000m\000i\000a\000l\000s\000\040\000\046\000\040\000A\000p\000p\000r\000o\000x\000i\000m\000a\000t\000i\000o\000n\000s}{Item.438}% 64
\BOOKMARK [2][-]{Item.533}{\376\377\000R\000e\000m\000a\000i\000n\000d\000e\000r\000\040\000o\000f\000\040\000a\000\040\000T\000a\000y\000l\000o\000r\000\040\000P\000o\000l\000y\000n\000o\000m\000i\000a\000l}{Item.438}% 65
\BOOKMARK [2][-]{Item.540}{\376\377\000P\000o\000w\000e\000r\000\040\000S\000e\000r\000i\000e\000s}{Item.438}% 66
\BOOKMARK [2][-]{section*.71}{\376\377\000R\000a\000d\000i\000u\000s\000\040\000a\000n\000d\000\040\000I\000n\000t\000e\000r\000v\000a\000l\000\040\000o\000f\000\040\000C\000o\000n\000v\000e\000r\000g\000e\000n\000c\000e}{Item.438}% 67
\BOOKMARK [2][-]{Item.548}{\376\377\000D\000i\000f\000f\000e\000r\000e\000n\000t\000i\000a\000t\000i\000n\000g\000\040\000a\000n\000d\000\040\000I\000n\000t\000e\000g\000r\000a\000t\000i\000n\000g\000\040\000P\000o\000w\000e\000r\000\040\000S\000e\000r\000i\000e\000s}{Item.438}% 68
\BOOKMARK [2][-]{Item.551}{\376\377\000G\000e\000o\000m\000e\000t\000r\000i\000c\000\040\000P\000o\000w\000e\000r\000\040\000S\000e\000r\000i\000e\000s}{Item.438}% 69
\BOOKMARK [2][-]{Item.557}{\376\377\000T\000a\000y\000l\000o\000r\000\040\000\046\000\040\000M\000a\000c\000L\000a\000u\000r\000i\000n\000\040\000S\000e\000r\000i\000e\000s}{Item.438}% 70
\BOOKMARK [2][-]{Item.560}{\376\377\000T\000a\000y\000l\000o\000r\000\040\000\046\000\040\000M\000a\000c\000l\000a\000u\000r\000i\000n\000\040\000M\000a\000n\000i\000p\000u\000l\000a\000t\000i\000o\000n}{Item.438}% 71
\BOOKMARK [2][-]{Item.565}{\376\377\000P\000l\000a\000n\000e\000\040\000C\000u\000r\000v\000e\000s\000\040\000a\000n\000d\000\040\000P\000a\000r\000a\000m\000e\000t\000r\000i\000c\000\040\000E\000q\000u\000a\000t\000i\000o\000n\000s}{Item.438}% 72
\BOOKMARK [1][-]{section*.77}{\376\377\000P\000o\000l\000a\000r\000,\000\040\000P\000a\000r\000a\000m\000e\000t\000r\000i\000c\000,\000\040\000\046\000\040\000V\000e\000c\000t\000o\000r\000\040\000E\000q\000u\000a\000t\000i\000o\000n\000s}{}% 73
\BOOKMARK [2][-]{section*.78}{\376\377\000P\000a\000r\000a\000m\000e\000t\000r\000i\000c\000\040\000E\000q\000u\000a\000t\000i\000o\000n\000s\000\040\000\046\000\040\000C\000a\000l\000c\000u\000l\000u\000s}{section*.77}% 74
\BOOKMARK [2][-]{Item.568}{\376\377\000V\000e\000c\000t\000o\000r\000\040\000F\000u\000n\000c\000t\000i\000o\000n\000s\000\040\000a\000n\000d\000\040\000M\000o\000t\000i\000o\000n}{section*.77}% 75
\BOOKMARK [2][-]{Item.579}{\376\377\000P\000o\000l\000a\000r\000\040\000C\000o\000o\000r\000d\000i\000n\000a\000t\000e\000s\000\040\000a\000n\000d\000\040\000G\000r\000a\000p\000h\000s}{section*.77}% 76
\BOOKMARK [2][-]{Item.591}{\376\377\000P\000o\000l\000a\000r\000\040\000E\000q\000u\000a\000t\000i\000o\000n\000s\000\040\000\046\000\040\000C\000a\000l\000c\000u\000l\000u\000s}{section*.77}% 77
\BOOKMARK [2][-]{Item.596}{\376\377\000P\000o\000l\000a\000r\000\040\000A\000r\000e\000a}{section*.77}% 78
\BOOKMARK [1][-]{Item.604}{\376\377\000A\000p\000p\000e\000n\000d\000i\000x}{}% 79
\BOOKMARK [2][-]{section*.84}{\376\377\000H\000i\000e\000r\000a\000r\000c\000h\000y\000\040\000o\000f\000\040\000F\000u\000n\000c\000t\000i\000o\000n\000s}{Item.604}% 80
\BOOKMARK [2][-]{section*.84}{\376\377\000D\000e\000f\000i\000n\000i\000t\000i\000o\000n\000s\000\040\000a\000n\000d\000\040\000T\000h\000e\000o\000r\000e\000m\000s}{Item.604}% 81
\BOOKMARK [2][-]{section*.84}{\376\377\000S\000e\000r\000i\000e\000s\000\040\000T\000e\000s\000t\000s\000\040\000S\000u\000m\000m\000a\000r\000y}{Item.604}% 82
\BOOKMARK [2][-]{section*.84}{\376\377\000A\000\040\000Q\000u\000o\000t\000e}{Item.604}% 83
